{"C:\\Users\\ASUS\\Desktop\\newProjects\\cashtracker\\backend\\src\\config\\nodemailer.ts": {"path":"C:\\Users\\ASUS\\Desktop\\newProjects\\cashtracker\\backend\\src\\config\\nodemailer.ts","statementMap":{"0":{"start":{"line":1,"column":0},"end":{"line":1,"column":36}},"1":{"start":{"line":2,"column":0},"end":{"line":2,"column":28}},"2":{"start":{"line":3,"column":0},"end":{"line":3,"column":16}},"3":{"start":{"line":16,"column":15},"end":{"line":27,"column":1}},"4":{"start":{"line":17,"column":4},"end":{"line":26,"column":null}},"5":{"start":{"line":29,"column":13},"end":{"line":29,"column":62}}},"fnMap":{"0":{"name":"(anonymous_1)","decl":{"start":{"line":16,"column":15},"end":{"line":16,"column":36}},"loc":{"start":{"line":16,"column":38},"end":{"line":27,"column":1}}}},"branchMap":{},"s":{"0":1,"1":1,"2":1,"3":1,"4":1,"5":1},"f":{"0":1},"b":{}}
,"C:\\Users\\ASUS\\Desktop\\newProjects\\cashtracker\\backend\\src\\controllers\\AuthController.ts": {"path":"C:\\Users\\ASUS\\Desktop\\newProjects\\cashtracker\\backend\\src\\controllers\\AuthController.ts","statementMap":{"0":{"start":{"line":2,"column":0},"end":{"line":2,"column":33}},"1":{"start":{"line":3,"column":0},"end":{"line":3,"column":61}},"2":{"start":{"line":4,"column":0},"end":{"line":4,"column":46}},"3":{"start":{"line":5,"column":0},"end":{"line":5,"column":47}},"4":{"start":{"line":6,"column":0},"end":{"line":6,"column":42}},"5":{"start":{"line":10,"column":27},"end":{"line":30,"column":5}},"6":{"start":{"line":11,"column":36},"end":{"line":11,"column":44}},"7":{"start":{"line":12,"column":27},"end":{"line":12,"column":67}},"8":{"start":{"line":13,"column":8},"end":{"line":17,"column":9}},"9":{"start":{"line":14,"column":26},"end":{"line":14,"column":62}},"10":{"start":{"line":15,"column":12},"end":{"line":15,"column":null}},"11":{"start":{"line":16,"column":12},"end":{"line":16,"column":18}},"12":{"start":{"line":19,"column":8},"end":{"line":29,"column":9}},"13":{"start":{"line":20,"column":25},"end":{"line":20,"column":52}},"14":{"start":{"line":21,"column":12},"end":{"line":21,"column":null}},"15":{"start":{"line":22,"column":12},"end":{"line":22,"column":null}},"16":{"start":{"line":23,"column":12},"end":{"line":23,"column":null}},"17":{"start":{"line":24,"column":12},"end":{"line":24,"column":null}},"18":{"start":{"line":25,"column":12},"end":{"line":25,"column":null}},"19":{"start":{"line":28,"column":12},"end":{"line":28,"column":null}},"20":{"start":{"line":32,"column":28},"end":{"line":50,"column":5}},"21":{"start":{"line":33,"column":26},"end":{"line":33,"column":34}},"22":{"start":{"line":34,"column":21},"end":{"line":34,"column":61}},"23":{"start":{"line":35,"column":8},"end":{"line":39,"column":9}},"24":{"start":{"line":36,"column":26},"end":{"line":36,"column":60}},"25":{"start":{"line":37,"column":12},"end":{"line":37,"column":null}},"26":{"start":{"line":38,"column":12},"end":{"line":38,"column":18}},"27":{"start":{"line":41,"column":8},"end":{"line":49,"column":9}},"28":{"start":{"line":42,"column":12},"end":{"line":42,"column":null}},"29":{"start":{"line":43,"column":12},"end":{"line":43,"column":null}},"30":{"start":{"line":44,"column":12},"end":{"line":44,"column":null}},"31":{"start":{"line":45,"column":12},"end":{"line":45,"column":null}},"32":{"start":{"line":48,"column":12},"end":{"line":48,"column":null}},"33":{"start":{"line":52,"column":19},"end":{"line":76,"column":5}},"34":{"start":{"line":53,"column":36},"end":{"line":53,"column":44}},"35":{"start":{"line":54,"column":21},"end":{"line":54,"column":61}},"36":{"start":{"line":55,"column":8},"end":{"line":59,"column":9}},"37":{"start":{"line":56,"column":26},"end":{"line":56,"column":59}},"38":{"start":{"line":57,"column":12},"end":{"line":57,"column":null}},"39":{"start":{"line":58,"column":12},"end":{"line":58,"column":18}},"40":{"start":{"line":61,"column":8},"end":{"line":65,"column":9}},"41":{"start":{"line":62,"column":26},"end":{"line":62,"column":67}},"42":{"start":{"line":63,"column":12},"end":{"line":63,"column":null}},"43":{"start":{"line":64,"column":12},"end":{"line":64,"column":18}},"44":{"start":{"line":67,"column":24},"end":{"line":67,"column":70}},"45":{"start":{"line":69,"column":8},"end":{"line":73,"column":9}},"46":{"start":{"line":70,"column":26},"end":{"line":70,"column":67}},"47":{"start":{"line":71,"column":12},"end":{"line":71,"column":null}},"48":{"start":{"line":72,"column":12},"end":{"line":72,"column":18}},"49":{"start":{"line":74,"column":22},"end":{"line":74,"column":42}},"50":{"start":{"line":75,"column":8},"end":{"line":75,"column":null}},"51":{"start":{"line":78,"column":28},"end":{"line":90,"column":5}},"52":{"start":{"line":79,"column":26},"end":{"line":79,"column":34}},"53":{"start":{"line":80,"column":21},"end":{"line":80,"column":61}},"54":{"start":{"line":81,"column":8},"end":{"line":85,"column":9}},"55":{"start":{"line":82,"column":26},"end":{"line":82,"column":59}},"56":{"start":{"line":83,"column":12},"end":{"line":83,"column":null}},"57":{"start":{"line":84,"column":12},"end":{"line":84,"column":18}},"58":{"start":{"line":86,"column":8},"end":{"line":86,"column":null}},"59":{"start":{"line":87,"column":8},"end":{"line":87,"column":null}},"60":{"start":{"line":88,"column":8},"end":{"line":88,"column":null}},"61":{"start":{"line":89,"column":8},"end":{"line":89,"column":null}},"62":{"start":{"line":92,"column":27},"end":{"line":102,"column":5}},"63":{"start":{"line":93,"column":26},"end":{"line":93,"column":34}},"64":{"start":{"line":94,"column":27},"end":{"line":94,"column":67}},"65":{"start":{"line":95,"column":8},"end":{"line":99,"column":9}},"66":{"start":{"line":96,"column":26},"end":{"line":96,"column":60}},"67":{"start":{"line":97,"column":12},"end":{"line":97,"column":null}},"68":{"start":{"line":98,"column":12},"end":{"line":98,"column":18}},"69":{"start":{"line":101,"column":8},"end":{"line":101,"column":null}},"70":{"start":{"line":104,"column":36},"end":{"line":119,"column":5}},"71":{"start":{"line":105,"column":26},"end":{"line":105,"column":36}},"72":{"start":{"line":106,"column":29},"end":{"line":106,"column":37}},"73":{"start":{"line":108,"column":21},"end":{"line":108,"column":61}},"74":{"start":{"line":109,"column":8},"end":{"line":113,"column":9}},"75":{"start":{"line":110,"column":26},"end":{"line":110,"column":60}},"76":{"start":{"line":111,"column":12},"end":{"line":111,"column":null}},"77":{"start":{"line":112,"column":12},"end":{"line":112,"column":18}},"78":{"start":{"line":115,"column":8},"end":{"line":115,"column":null}},"79":{"start":{"line":116,"column":8},"end":{"line":116,"column":null}},"80":{"start":{"line":117,"column":8},"end":{"line":117,"column":null}},"81":{"start":{"line":118,"column":8},"end":{"line":118,"column":null}},"82":{"start":{"line":121,"column":18},"end":{"line":123,"column":5}},"83":{"start":{"line":122,"column":8},"end":{"line":122,"column":null}},"84":{"start":{"line":125,"column":39},"end":{"line":141,"column":5}},"85":{"start":{"line":126,"column":47},"end":{"line":126,"column":55}},"86":{"start":{"line":127,"column":21},"end":{"line":127,"column":53}},"87":{"start":{"line":129,"column":34},"end":{"line":129,"column":88}},"88":{"start":{"line":131,"column":8},"end":{"line":135,"column":9}},"89":{"start":{"line":132,"column":26},"end":{"line":132,"column":74}},"90":{"start":{"line":133,"column":12},"end":{"line":133,"column":null}},"91":{"start":{"line":134,"column":12},"end":{"line":134,"column":18}},"92":{"start":{"line":137,"column":8},"end":{"line":137,"column":null}},"93":{"start":{"line":138,"column":8},"end":{"line":138,"column":null}},"94":{"start":{"line":140,"column":8},"end":{"line":140,"column":null}},"95":{"start":{"line":143,"column":27},"end":{"line":156,"column":5}},"96":{"start":{"line":144,"column":29},"end":{"line":144,"column":37}},"97":{"start":{"line":145,"column":21},"end":{"line":145,"column":53}},"98":{"start":{"line":147,"column":34},"end":{"line":147,"column":80}},"99":{"start":{"line":149,"column":8},"end":{"line":153,"column":9}},"100":{"start":{"line":150,"column":26},"end":{"line":150,"column":67}},"101":{"start":{"line":151,"column":12},"end":{"line":151,"column":null}},"102":{"start":{"line":152,"column":12},"end":{"line":152,"column":18}},"103":{"start":{"line":155,"column":8},"end":{"line":155,"column":null}},"104":{"start":{"line":9,"column":0},"end":{"line":9,"column":13}}},"fnMap":{"0":{"name":"(anonymous_1)","decl":{"start":{"line":10,"column":27},"end":{"line":10,"column":32}},"loc":{"start":{"line":10,"column":65},"end":{"line":30,"column":5}}},"1":{"name":"(anonymous_2)","decl":{"start":{"line":32,"column":28},"end":{"line":32,"column":33}},"loc":{"start":{"line":32,"column":66},"end":{"line":50,"column":5}}},"2":{"name":"(anonymous_3)","decl":{"start":{"line":52,"column":19},"end":{"line":52,"column":24}},"loc":{"start":{"line":52,"column":57},"end":{"line":76,"column":5}}},"3":{"name":"(anonymous_4)","decl":{"start":{"line":78,"column":28},"end":{"line":78,"column":33}},"loc":{"start":{"line":78,"column":66},"end":{"line":90,"column":5}}},"4":{"name":"(anonymous_5)","decl":{"start":{"line":92,"column":27},"end":{"line":92,"column":32}},"loc":{"start":{"line":92,"column":65},"end":{"line":102,"column":5}}},"5":{"name":"(anonymous_6)","decl":{"start":{"line":104,"column":36},"end":{"line":104,"column":41}},"loc":{"start":{"line":104,"column":74},"end":{"line":119,"column":5}}},"6":{"name":"(anonymous_7)","decl":{"start":{"line":121,"column":18},"end":{"line":121,"column":23}},"loc":{"start":{"line":121,"column":56},"end":{"line":123,"column":5}}},"7":{"name":"(anonymous_8)","decl":{"start":{"line":125,"column":39},"end":{"line":125,"column":44}},"loc":{"start":{"line":125,"column":77},"end":{"line":141,"column":5}}},"8":{"name":"(anonymous_9)","decl":{"start":{"line":143,"column":27},"end":{"line":143,"column":32}},"loc":{"start":{"line":143,"column":65},"end":{"line":156,"column":5}}}},"branchMap":{"0":{"loc":{"start":{"line":13,"column":8},"end":{"line":17,"column":9}},"type":"if","locations":[{"start":{"line":13,"column":8},"end":{"line":17,"column":9}}]},"1":{"loc":{"start":{"line":35,"column":8},"end":{"line":39,"column":9}},"type":"if","locations":[{"start":{"line":35,"column":8},"end":{"line":39,"column":9}}]},"2":{"loc":{"start":{"line":55,"column":8},"end":{"line":59,"column":9}},"type":"if","locations":[{"start":{"line":55,"column":8},"end":{"line":59,"column":9}}]},"3":{"loc":{"start":{"line":61,"column":8},"end":{"line":65,"column":9}},"type":"if","locations":[{"start":{"line":61,"column":8},"end":{"line":65,"column":9}}]},"4":{"loc":{"start":{"line":69,"column":8},"end":{"line":73,"column":9}},"type":"if","locations":[{"start":{"line":69,"column":8},"end":{"line":73,"column":9}}]},"5":{"loc":{"start":{"line":81,"column":8},"end":{"line":85,"column":9}},"type":"if","locations":[{"start":{"line":81,"column":8},"end":{"line":85,"column":9}}]},"6":{"loc":{"start":{"line":95,"column":8},"end":{"line":99,"column":9}},"type":"if","locations":[{"start":{"line":95,"column":8},"end":{"line":99,"column":9}}]},"7":{"loc":{"start":{"line":109,"column":8},"end":{"line":113,"column":9}},"type":"if","locations":[{"start":{"line":109,"column":8},"end":{"line":113,"column":9}}]},"8":{"loc":{"start":{"line":131,"column":8},"end":{"line":135,"column":9}},"type":"if","locations":[{"start":{"line":131,"column":8},"end":{"line":135,"column":9}}]},"9":{"loc":{"start":{"line":149,"column":8},"end":{"line":153,"column":9}},"type":"if","locations":[{"start":{"line":149,"column":8},"end":{"line":153,"column":9}}]}},"s":{"0":1,"1":1,"2":1,"3":1,"4":1,"5":1,"6":2,"7":2,"8":2,"9":1,"10":1,"11":1,"12":1,"13":1,"14":1,"15":1,"16":1,"17":1,"18":1,"19":0,"20":1,"21":0,"22":0,"23":0,"24":0,"25":0,"26":0,"27":0,"28":0,"29":0,"30":0,"31":0,"32":0,"33":1,"34":4,"35":4,"36":4,"37":1,"38":1,"39":1,"40":3,"41":1,"42":1,"43":1,"44":2,"45":2,"46":1,"47":1,"48":1,"49":1,"50":1,"51":1,"52":0,"53":0,"54":0,"55":0,"56":0,"57":0,"58":0,"59":0,"60":0,"61":0,"62":1,"63":0,"64":0,"65":0,"66":0,"67":0,"68":0,"69":0,"70":1,"71":0,"72":0,"73":0,"74":0,"75":0,"76":0,"77":0,"78":0,"79":0,"80":0,"81":0,"82":1,"83":0,"84":1,"85":0,"86":0,"87":0,"88":0,"89":0,"90":0,"91":0,"92":0,"93":0,"94":0,"95":1,"96":0,"97":0,"98":0,"99":0,"100":0,"101":0,"102":0,"103":0,"104":1},"f":{"0":2,"1":0,"2":4,"3":0,"4":0,"5":0,"6":0,"7":0,"8":0},"b":{"0":[1],"1":[0],"2":[1],"3":[1],"4":[1],"5":[0],"6":[0],"7":[0],"8":[0],"9":[0]}}
,"C:\\Users\\ASUS\\Desktop\\newProjects\\cashtracker\\backend\\src\\controllers\\BudgetController.ts": {"path":"C:\\Users\\ASUS\\Desktop\\newProjects\\cashtracker\\backend\\src\\controllers\\BudgetController.ts","statementMap":{"0":{"start":{"line":2,"column":0},"end":{"line":2,"column":38}},"1":{"start":{"line":3,"column":0},"end":{"line":3,"column":40}},"2":{"start":{"line":6,"column":20},"end":{"line":22,"column":5}},"3":{"start":{"line":7,"column":8},"end":{"line":21,"column":9}},"4":{"start":{"line":8,"column":28},"end":{"line":16,"column":14}},"5":{"start":{"line":17,"column":12},"end":{"line":17,"column":null}},"6":{"start":{"line":20,"column":12},"end":{"line":20,"column":null}},"7":{"start":{"line":24,"column":20},"end":{"line":34,"column":5}},"8":{"start":{"line":25,"column":8},"end":{"line":33,"column":9}},"9":{"start":{"line":26,"column":27},"end":{"line":26,"column":56}},"10":{"start":{"line":27,"column":12},"end":{"line":27,"column":null}},"11":{"start":{"line":28,"column":12},"end":{"line":28,"column":null}},"12":{"start":{"line":29,"column":12},"end":{"line":29,"column":null}},"13":{"start":{"line":32,"column":12},"end":{"line":32,"column":null}},"14":{"start":{"line":36,"column":21},"end":{"line":41,"column":5}},"15":{"start":{"line":37,"column":23},"end":{"line":39,"column":10}},"16":{"start":{"line":40,"column":8},"end":{"line":40,"column":null}},"17":{"start":{"line":43,"column":24},"end":{"line":46,"column":5}},"18":{"start":{"line":44,"column":8},"end":{"line":44,"column":null}},"19":{"start":{"line":45,"column":8},"end":{"line":45,"column":null}},"20":{"start":{"line":48,"column":24},"end":{"line":51,"column":5}},"21":{"start":{"line":49,"column":8},"end":{"line":49,"column":null}},"22":{"start":{"line":50,"column":8},"end":{"line":50,"column":null}},"23":{"start":{"line":5,"column":0},"end":{"line":5,"column":13}}},"fnMap":{"0":{"name":"(anonymous_1)","decl":{"start":{"line":6,"column":20},"end":{"line":6,"column":25}},"loc":{"start":{"line":6,"column":59},"end":{"line":22,"column":5}}},"1":{"name":"(anonymous_2)","decl":{"start":{"line":24,"column":20},"end":{"line":24,"column":25}},"loc":{"start":{"line":24,"column":59},"end":{"line":34,"column":5}}},"2":{"name":"(anonymous_3)","decl":{"start":{"line":36,"column":21},"end":{"line":36,"column":26}},"loc":{"start":{"line":36,"column":60},"end":{"line":41,"column":5}}},"3":{"name":"(anonymous_4)","decl":{"start":{"line":43,"column":24},"end":{"line":43,"column":29}},"loc":{"start":{"line":43,"column":63},"end":{"line":46,"column":5}}},"4":{"name":"(anonymous_5)","decl":{"start":{"line":48,"column":24},"end":{"line":48,"column":29}},"loc":{"start":{"line":48,"column":63},"end":{"line":51,"column":5}}}},"branchMap":{},"s":{"0":1,"1":1,"2":1,"3":4,"4":4,"5":3,"6":1,"7":1,"8":2,"9":2,"10":1,"11":1,"12":1,"13":1,"14":1,"15":3,"16":3,"17":1,"18":1,"19":1,"20":1,"21":1,"22":1,"23":1},"f":{"0":4,"1":2,"2":3,"3":1,"4":1},"b":{}}
,"C:\\Users\\ASUS\\Desktop\\newProjects\\cashtracker\\backend\\src\\controllers\\ExpenseController.ts": {"path":"C:\\Users\\ASUS\\Desktop\\newProjects\\cashtracker\\backend\\src\\controllers\\ExpenseController.ts","statementMap":{"0":{"start":{"line":2,"column":0},"end":{"line":2,"column":39}},"1":{"start":{"line":5,"column":20},"end":{"line":15,"column":5}},"2":{"start":{"line":6,"column":8},"end":{"line":14,"column":9}},"3":{"start":{"line":7,"column":28},"end":{"line":7,"column":58}},"4":{"start":{"line":8,"column":12},"end":{"line":8,"column":null}},"5":{"start":{"line":9,"column":12},"end":{"line":9,"column":null}},"6":{"start":{"line":10,"column":12},"end":{"line":10,"column":null}},"7":{"start":{"line":13,"column":12},"end":{"line":13,"column":null}},"8":{"start":{"line":17,"column":21},"end":{"line":24,"column":5}},"9":{"start":{"line":18,"column":8},"end":{"line":23,"column":9}},"10":{"start":{"line":19,"column":12},"end":{"line":19,"column":null}},"11":{"start":{"line":22,"column":12},"end":{"line":22,"column":null}},"12":{"start":{"line":26,"column":24},"end":{"line":29,"column":5}},"13":{"start":{"line":27,"column":8},"end":{"line":27,"column":null}},"14":{"start":{"line":28,"column":8},"end":{"line":28,"column":null}},"15":{"start":{"line":31,"column":24},"end":{"line":34,"column":5}},"16":{"start":{"line":32,"column":8},"end":{"line":32,"column":null}},"17":{"start":{"line":33,"column":8},"end":{"line":33,"column":null}},"18":{"start":{"line":4,"column":0},"end":{"line":4,"column":13}}},"fnMap":{"0":{"name":"(anonymous_1)","decl":{"start":{"line":5,"column":20},"end":{"line":5,"column":25}},"loc":{"start":{"line":5,"column":58},"end":{"line":15,"column":5}}},"1":{"name":"(anonymous_2)","decl":{"start":{"line":17,"column":21},"end":{"line":17,"column":22}},"loc":{"start":{"line":17,"column":53},"end":{"line":24,"column":5}}},"2":{"name":"(anonymous_3)","decl":{"start":{"line":26,"column":24},"end":{"line":26,"column":29}},"loc":{"start":{"line":26,"column":62},"end":{"line":29,"column":5}}},"3":{"name":"(anonymous_4)","decl":{"start":{"line":31,"column":24},"end":{"line":31,"column":29}},"loc":{"start":{"line":31,"column":62},"end":{"line":34,"column":5}}}},"branchMap":{},"s":{"0":1,"1":1,"2":2,"3":2,"4":1,"5":1,"6":1,"7":1,"8":1,"9":1,"10":1,"11":0,"12":1,"13":1,"14":1,"15":1,"16":1,"17":1,"18":1},"f":{"0":2,"1":1,"2":1,"3":1},"b":{}}
,"C:\\Users\\ASUS\\Desktop\\newProjects\\cashtracker\\backend\\src\\emails\\AuthEmail.ts": {"path":"C:\\Users\\ASUS\\Desktop\\newProjects\\cashtracker\\backend\\src\\emails\\AuthEmail.ts","statementMap":{"0":{"start":{"line":1,"column":0},"end":{"line":1,"column":48}},"1":{"start":{"line":10,"column":35},"end":{"line":22,"column":5}},"2":{"start":{"line":11,"column":22},"end":{"line":21,"column":10}},"3":{"start":{"line":24,"column":37},"end":{"line":36,"column":5}},"4":{"start":{"line":25,"column":22},"end":{"line":35,"column":10}},"5":{"start":{"line":9,"column":0},"end":{"line":9,"column":13}}},"fnMap":{"0":{"name":"(anonymous_0)","decl":{"start":{"line":10,"column":35},"end":{"line":10,"column":40}},"loc":{"start":{"line":10,"column":61},"end":{"line":22,"column":5}}},"1":{"name":"(anonymous_1)","decl":{"start":{"line":24,"column":37},"end":{"line":24,"column":42}},"loc":{"start":{"line":24,"column":63},"end":{"line":36,"column":5}}}},"branchMap":{},"s":{"0":1,"1":1,"2":0,"3":1,"4":0,"5":1},"f":{"0":0,"1":0},"b":{}}
,"C:\\Users\\ASUS\\Desktop\\newProjects\\cashtracker\\backend\\src\\middleware\\budget.ts": {"path":"C:\\Users\\ASUS\\Desktop\\newProjects\\cashtracker\\backend\\src\\middleware\\budget.ts","statementMap":{"0":{"start":{"line":2,"column":0},"end":{"line":2,"column":66}},"1":{"start":{"line":3,"column":0},"end":{"line":3,"column":38}},"2":{"start":{"line":13,"column":32},"end":{"line":24,"column":1}},"3":{"start":{"line":14,"column":4},"end":{"line":16,"column":null}},"4":{"start":{"line":15,"column":37},"end":{"line":15,"column":46}},"5":{"start":{"line":18,"column":17},"end":{"line":18,"column":38}},"6":{"start":{"line":19,"column":4},"end":{"line":22,"column":5}},"7":{"start":{"line":20,"column":8},"end":{"line":20,"column":null}},"8":{"start":{"line":21,"column":8},"end":{"line":21,"column":14}},"9":{"start":{"line":23,"column":4},"end":{"line":23,"column":null}},"10":{"start":{"line":13,"column":13},"end":{"line":13,"column":32}},"11":{"start":{"line":26,"column":36},"end":{"line":42,"column":1}},"12":{"start":{"line":27,"column":4},"end":{"line":41,"column":5}},"13":{"start":{"line":28,"column":29},"end":{"line":28,"column":39}},"14":{"start":{"line":29,"column":23},"end":{"line":29,"column":54}},"15":{"start":{"line":31,"column":8},"end":{"line":35,"column":9}},"16":{"start":{"line":32,"column":26},"end":{"line":32,"column":69}},"17":{"start":{"line":33,"column":12},"end":{"line":33,"column":null}},"18":{"start":{"line":34,"column":12},"end":{"line":34,"column":18}},"19":{"start":{"line":36,"column":8},"end":{"line":36,"column":null}},"20":{"start":{"line":37,"column":8},"end":{"line":37,"column":null}},"21":{"start":{"line":40,"column":8},"end":{"line":40,"column":null}},"22":{"start":{"line":26,"column":13},"end":{"line":26,"column":36}},"23":{"start":{"line":44,"column":35},"end":{"line":51,"column":1}},"24":{"start":{"line":45,"column":4},"end":{"line":45,"column":null}},"25":{"start":{"line":46,"column":4},"end":{"line":49,"column":null}},"26":{"start":{"line":48,"column":37},"end":{"line":48,"column":46}},"27":{"start":{"line":50,"column":4},"end":{"line":50,"column":null}},"28":{"start":{"line":44,"column":13},"end":{"line":44,"column":35}},"29":{"start":{"line":53,"column":25},"end":{"line":60,"column":1}},"30":{"start":{"line":54,"column":4},"end":{"line":58,"column":5}},"31":{"start":{"line":55,"column":22},"end":{"line":55,"column":70}},"32":{"start":{"line":56,"column":8},"end":{"line":56,"column":null}},"33":{"start":{"line":57,"column":8},"end":{"line":57,"column":14}},"34":{"start":{"line":59,"column":4},"end":{"line":59,"column":null}},"35":{"start":{"line":53,"column":13},"end":{"line":53,"column":25}}},"fnMap":{"0":{"name":"(anonymous_1)","decl":{"start":{"line":13,"column":32},"end":{"line":13,"column":37}},"loc":{"start":{"line":13,"column":90},"end":{"line":24,"column":1}}},"1":{"name":"(anonymous_2)","decl":{"start":{"line":15,"column":28},"end":{"line":15,"column":33}},"loc":{"start":{"line":15,"column":37},"end":{"line":15,"column":46}}},"2":{"name":"(anonymous_3)","decl":{"start":{"line":26,"column":36},"end":{"line":26,"column":41}},"loc":{"start":{"line":26,"column":94},"end":{"line":42,"column":1}}},"3":{"name":"(anonymous_4)","decl":{"start":{"line":44,"column":35},"end":{"line":44,"column":40}},"loc":{"start":{"line":44,"column":93},"end":{"line":51,"column":1}}},"4":{"name":"(anonymous_5)","decl":{"start":{"line":48,"column":28},"end":{"line":48,"column":33}},"loc":{"start":{"line":48,"column":37},"end":{"line":48,"column":46}}},"5":{"name":"(anonymous_6)","decl":{"start":{"line":53,"column":25},"end":{"line":53,"column":26}},"loc":{"start":{"line":53,"column":77},"end":{"line":60,"column":1}}}},"branchMap":{"0":{"loc":{"start":{"line":19,"column":4},"end":{"line":22,"column":5}},"type":"if","locations":[{"start":{"line":19,"column":4},"end":{"line":22,"column":5}}]},"1":{"loc":{"start":{"line":31,"column":8},"end":{"line":35,"column":9}},"type":"if","locations":[{"start":{"line":31,"column":8},"end":{"line":35,"column":9}}]},"2":{"loc":{"start":{"line":54,"column":4},"end":{"line":58,"column":5}},"type":"if","locations":[{"start":{"line":54,"column":4},"end":{"line":58,"column":5}}]}},"s":{"0":2,"1":2,"2":2,"3":0,"4":0,"5":0,"6":0,"7":0,"8":0,"9":0,"10":2,"11":2,"12":3,"13":3,"14":3,"15":2,"16":1,"17":1,"18":1,"19":1,"20":1,"21":1,"22":2,"23":2,"24":0,"25":0,"26":0,"27":0,"28":2,"29":2,"30":3,"31":2,"32":2,"33":2,"34":1,"35":2},"f":{"0":0,"1":0,"2":3,"3":0,"4":0,"5":3},"b":{"0":[0],"1":[1],"2":[2]}}
,"C:\\Users\\ASUS\\Desktop\\newProjects\\cashtracker\\backend\\src\\middleware\\expense.ts": {"path":"C:\\Users\\ASUS\\Desktop\\newProjects\\cashtracker\\backend\\src\\middleware\\expense.ts","statementMap":{"0":{"start":{"line":2,"column":0},"end":{"line":2,"column":66}},"1":{"start":{"line":3,"column":0},"end":{"line":3,"column":40}},"2":{"start":{"line":13,"column":36},"end":{"line":21,"column":1}},"3":{"start":{"line":14,"column":4},"end":{"line":14,"column":null}},"4":{"start":{"line":15,"column":4},"end":{"line":18,"column":null}},"5":{"start":{"line":17,"column":29},"end":{"line":17,"column":38}},"6":{"start":{"line":20,"column":4},"end":{"line":20,"column":null}},"7":{"start":{"line":13,"column":13},"end":{"line":13,"column":36}},"8":{"start":{"line":23,"column":33},"end":{"line":32,"column":1}},"9":{"start":{"line":24,"column":4},"end":{"line":24,"column":null}},"10":{"start":{"line":24,"column":53},"end":{"line":24,"column":62}},"11":{"start":{"line":26,"column":17},"end":{"line":26,"column":38}},"12":{"start":{"line":27,"column":4},"end":{"line":30,"column":5}},"13":{"start":{"line":28,"column":8},"end":{"line":28,"column":null}},"14":{"start":{"line":29,"column":8},"end":{"line":29,"column":14}},"15":{"start":{"line":31,"column":4},"end":{"line":31,"column":null}},"16":{"start":{"line":23,"column":13},"end":{"line":23,"column":33}},"17":{"start":{"line":34,"column":37},"end":{"line":50,"column":1}},"18":{"start":{"line":35,"column":4},"end":{"line":49,"column":5}},"19":{"start":{"line":36,"column":30},"end":{"line":36,"column":40}},"20":{"start":{"line":37,"column":24},"end":{"line":37,"column":57}},"21":{"start":{"line":39,"column":8},"end":{"line":43,"column":9}},"22":{"start":{"line":40,"column":26},"end":{"line":40,"column":63}},"23":{"start":{"line":41,"column":12},"end":{"line":41,"column":null}},"24":{"start":{"line":42,"column":12},"end":{"line":42,"column":18}},"25":{"start":{"line":44,"column":8},"end":{"line":44,"column":null}},"26":{"start":{"line":45,"column":8},"end":{"line":45,"column":null}},"27":{"start":{"line":48,"column":8},"end":{"line":48,"column":null}},"28":{"start":{"line":34,"column":13},"end":{"line":34,"column":37}}},"fnMap":{"0":{"name":"(anonymous_1)","decl":{"start":{"line":13,"column":36},"end":{"line":13,"column":41}},"loc":{"start":{"line":13,"column":94},"end":{"line":21,"column":1}}},"1":{"name":"(anonymous_2)","decl":{"start":{"line":17,"column":20},"end":{"line":17,"column":25}},"loc":{"start":{"line":17,"column":29},"end":{"line":17,"column":38}}},"2":{"name":"(anonymous_3)","decl":{"start":{"line":23,"column":33},"end":{"line":23,"column":38}},"loc":{"start":{"line":23,"column":91},"end":{"line":32,"column":1}}},"3":{"name":"(anonymous_4)","decl":{"start":{"line":24,"column":44},"end":{"line":24,"column":49}},"loc":{"start":{"line":24,"column":53},"end":{"line":24,"column":62}}},"4":{"name":"(anonymous_5)","decl":{"start":{"line":34,"column":37},"end":{"line":34,"column":42}},"loc":{"start":{"line":34,"column":95},"end":{"line":50,"column":1}}}},"branchMap":{"0":{"loc":{"start":{"line":27,"column":4},"end":{"line":30,"column":5}},"type":"if","locations":[{"start":{"line":27,"column":4},"end":{"line":30,"column":5}}]},"1":{"loc":{"start":{"line":39,"column":8},"end":{"line":43,"column":9}},"type":"if","locations":[{"start":{"line":39,"column":8},"end":{"line":43,"column":9}}]}},"s":{"0":1,"1":1,"2":1,"3":0,"4":0,"5":0,"6":0,"7":1,"8":1,"9":0,"10":0,"11":0,"12":0,"13":0,"14":0,"15":0,"16":1,"17":1,"18":3,"19":3,"20":3,"21":2,"22":1,"23":1,"24":1,"25":1,"26":1,"27":1,"28":1},"f":{"0":0,"1":0,"2":0,"3":0,"4":3},"b":{"0":[0],"1":[1]}}
,"C:\\Users\\ASUS\\Desktop\\newProjects\\cashtracker\\backend\\src\\models\\Budget.ts": {"path":"C:\\Users\\ASUS\\Desktop\\newProjects\\cashtracker\\backend\\src\\models\\Budget.ts","statementMap":{"0":{"start":{"line":1,"column":0},"end":{"line":1,"column":113}},"1":{"start":{"line":2,"column":0},"end":{"line":2,"column":32}},"2":{"start":{"line":3,"column":0},"end":{"line":3,"column":26}},"3":{"start":{"line":9,"column":0},"end":{"line":33,"column":null}},"4":{"start":{"line":14,"column":12},"end":{"line":14,"column":null}},"5":{"start":{"line":20,"column":12},"end":{"line":20,"column":null}},"6":{"start":{"line":26,"column":12},"end":{"line":26,"column":null}},"7":{"start":{"line":22,"column":19},"end":{"line":22,"column":26}},"8":{"start":{"line":29,"column":12},"end":{"line":29,"column":null}},"9":{"start":{"line":28,"column":22},"end":{"line":28,"column":26}},"10":{"start":{"line":32,"column":12},"end":{"line":32,"column":null}},"11":{"start":{"line":31,"column":21},"end":{"line":31,"column":25}},"12":{"start":{"line":9,"column":6},"end":{"line":33,"column":null}},"13":{"start":{"line":35,"column":0},"end":{"line":35,"column":null}}},"fnMap":{"0":{"name":"(anonymous_3)","decl":{"start":{"line":22,"column":13},"end":{"line":22,"column":16}},"loc":{"start":{"line":22,"column":19},"end":{"line":22,"column":26}}},"1":{"name":"(anonymous_4)","decl":{"start":{"line":28,"column":16},"end":{"line":28,"column":19}},"loc":{"start":{"line":28,"column":22},"end":{"line":28,"column":26}}},"2":{"name":"(anonymous_5)","decl":{"start":{"line":31,"column":15},"end":{"line":31,"column":18}},"loc":{"start":{"line":31,"column":21},"end":{"line":31,"column":25}}}},"branchMap":{},"s":{"0":2,"1":2,"2":2,"3":2,"4":2,"5":2,"6":2,"7":0,"8":2,"9":0,"10":2,"11":0,"12":2,"13":2},"f":{"0":0,"1":0,"2":0},"b":{}}
,"C:\\Users\\ASUS\\Desktop\\newProjects\\cashtracker\\backend\\src\\models\\Expense.ts": {"path":"C:\\Users\\ASUS\\Desktop\\newProjects\\cashtracker\\backend\\src\\models\\Expense.ts","statementMap":{"0":{"start":{"line":1,"column":0},"end":{"line":1,"column":104}},"1":{"start":{"line":2,"column":0},"end":{"line":2,"column":30}},"2":{"start":{"line":8,"column":0},"end":{"line":27,"column":null}},"3":{"start":{"line":13,"column":12},"end":{"line":13,"column":null}},"4":{"start":{"line":19,"column":12},"end":{"line":19,"column":null}},"5":{"start":{"line":22,"column":12},"end":{"line":22,"column":null}},"6":{"start":{"line":21,"column":22},"end":{"line":21,"column":28}},"7":{"start":{"line":25,"column":12},"end":{"line":25,"column":null}},"8":{"start":{"line":24,"column":21},"end":{"line":24,"column":27}},"9":{"start":{"line":8,"column":6},"end":{"line":27,"column":null}},"10":{"start":{"line":29,"column":0},"end":{"line":29,"column":null}}},"fnMap":{"0":{"name":"(anonymous_3)","decl":{"start":{"line":21,"column":16},"end":{"line":21,"column":19}},"loc":{"start":{"line":21,"column":22},"end":{"line":21,"column":28}}},"1":{"name":"(anonymous_4)","decl":{"start":{"line":24,"column":15},"end":{"line":24,"column":18}},"loc":{"start":{"line":24,"column":21},"end":{"line":24,"column":27}}}},"branchMap":{},"s":{"0":2,"1":2,"2":2,"3":2,"4":2,"5":2,"6":0,"7":2,"8":0,"9":2,"10":2},"f":{"0":0,"1":0},"b":{}}
,"C:\\Users\\ASUS\\Desktop\\newProjects\\cashtracker\\backend\\src\\models\\User.ts": {"path":"C:\\Users\\ASUS\\Desktop\\newProjects\\cashtracker\\backend\\src\\models\\User.ts","statementMap":{"0":{"start":{"line":1,"column":0},"end":{"line":1,"column":107}},"1":{"start":{"line":2,"column":0},"end":{"line":2,"column":30}},"2":{"start":{"line":8,"column":0},"end":{"line":44,"column":null}},"3":{"start":{"line":13,"column":12},"end":{"line":13,"column":null}},"4":{"start":{"line":19,"column":12},"end":{"line":19,"column":null}},"5":{"start":{"line":26,"column":12},"end":{"line":26,"column":null}},"6":{"start":{"line":31,"column":12},"end":{"line":31,"column":null}},"7":{"start":{"line":37,"column":12},"end":{"line":37,"column":null}},"8":{"start":{"line":43,"column":12},"end":{"line":43,"column":null}},"9":{"start":{"line":39,"column":19},"end":{"line":39,"column":25}},"10":{"start":{"line":8,"column":6},"end":{"line":44,"column":null}},"11":{"start":{"line":46,"column":0},"end":{"line":46,"column":null}}},"fnMap":{"0":{"name":"(anonymous_3)","decl":{"start":{"line":39,"column":13},"end":{"line":39,"column":16}},"loc":{"start":{"line":39,"column":19},"end":{"line":39,"column":25}}}},"branchMap":{},"s":{"0":2,"1":2,"2":2,"3":2,"4":2,"5":2,"6":2,"7":2,"8":2,"9":0,"10":2,"11":2},"f":{"0":0},"b":{}}
,"C:\\Users\\ASUS\\Desktop\\newProjects\\cashtracker\\backend\\src\\tests\\mocks\\budgets.ts": {"path":"C:\\Users\\ASUS\\Desktop\\newProjects\\cashtracker\\backend\\src\\tests\\mocks\\budgets.ts","statementMap":{"0":{"start":{"line":1,"column":13},"end":{"line":71,"column":2}}},"fnMap":{},"branchMap":{},"s":{"0":3},"f":{},"b":{}}
,"C:\\Users\\ASUS\\Desktop\\newProjects\\cashtracker\\backend\\src\\tests\\mocks\\expenses.ts": {"path":"C:\\Users\\ASUS\\Desktop\\newProjects\\cashtracker\\backend\\src\\tests\\mocks\\expenses.ts","statementMap":{"0":{"start":{"line":1,"column":13},"end":{"line":26,"column":null}}},"fnMap":{},"branchMap":{},"s":{"0":2},"f":{},"b":{}}
,"C:\\Users\\ASUS\\Desktop\\newProjects\\cashtracker\\backend\\src\\utils\\auth.ts": {"path":"C:\\Users\\ASUS\\Desktop\\newProjects\\cashtracker\\backend\\src\\utils\\auth.ts","statementMap":{"0":{"start":{"line":1,"column":0},"end":{"line":1,"column":28}},"1":{"start":{"line":3,"column":28},"end":{"line":6,"column":1}},"2":{"start":{"line":4,"column":17},"end":{"line":4,"column":41}},"3":{"start":{"line":5,"column":4},"end":{"line":5,"column":null}},"4":{"start":{"line":3,"column":13},"end":{"line":3,"column":28}},"5":{"start":{"line":8,"column":31},"end":{"line":10,"column":1}},"6":{"start":{"line":9,"column":4},"end":{"line":9,"column":null}},"7":{"start":{"line":8,"column":13},"end":{"line":8,"column":31}}},"fnMap":{"0":{"name":"(anonymous_1)","decl":{"start":{"line":3,"column":28},"end":{"line":3,"column":33}},"loc":{"start":{"line":3,"column":56},"end":{"line":6,"column":1}}},"1":{"name":"(anonymous_2)","decl":{"start":{"line":8,"column":31},"end":{"line":8,"column":36}},"loc":{"start":{"line":8,"column":84},"end":{"line":10,"column":1}}}},"branchMap":{},"s":{"0":1,"1":1,"2":0,"3":0,"4":1,"5":1,"6":0,"7":1},"f":{"0":0,"1":0},"b":{}}
,"C:\\Users\\ASUS\\Desktop\\newProjects\\cashtracker\\backend\\src\\utils\\jwt.ts": {"path":"C:\\Users\\ASUS\\Desktop\\newProjects\\cashtracker\\backend\\src\\utils\\jwt.ts","statementMap":{"0":{"start":{"line":1,"column":0},"end":{"line":1,"column":30}},"1":{"start":{"line":4,"column":27},"end":{"line":9,"column":1}},"2":{"start":{"line":5,"column":18},"end":{"line":7,"column":6}},"3":{"start":{"line":8,"column":4},"end":{"line":8,"column":null}},"4":{"start":{"line":4,"column":13},"end":{"line":4,"column":27}}},"fnMap":{"0":{"name":"(anonymous_1)","decl":{"start":{"line":4,"column":27},"end":{"line":4,"column":28}},"loc":{"start":{"line":4,"column":42},"end":{"line":9,"column":1}}}},"branchMap":{},"s":{"0":1,"1":1,"2":0,"3":0,"4":1},"f":{"0":0},"b":{}}
,"C:\\Users\\ASUS\\Desktop\\newProjects\\cashtracker\\backend\\src\\utils\\token.ts": {"path":"C:\\Users\\ASUS\\Desktop\\newProjects\\cashtracker\\backend\\src\\utils\\token.ts","statementMap":{"0":{"start":{"line":2,"column":29},"end":{"line":2,"column":89}},"1":{"start":{"line":2,"column":35},"end":{"line":2,"column":89}},"2":{"start":{"line":2,"column":13},"end":{"line":2,"column":29}}},"fnMap":{"0":{"name":"(anonymous_0)","decl":{"start":{"line":2,"column":29},"end":{"line":2,"column":32}},"loc":{"start":{"line":2,"column":35},"end":{"line":2,"column":89}}}},"branchMap":{},"s":{"0":1,"1":0,"2":1},"f":{"0":0},"b":{}}
}
